<?xml version="1.0" encoding="UTF-8"?>
<testsuite name="com.pibbletv.user_service.UserServiceApplicationTests" tests="1" skipped="0" failures="0" errors="0" timestamp="2025-05-18T00:55:15.252Z" hostname="DESKTOP-NS6POVE" time="0.982">
  <properties/>
  <testcase name="contextLoads()" classname="com.pibbletv.user_service.UserServiceApplicationTests" time="0.982"/>
  <system-out><![CDATA[02:55:09.207 [Test worker] INFO org.springframework.test.context.support.AnnotationConfigContextLoaderUtils -- Could not detect default configuration classes for test class [com.pibbletv.user_service.UserServiceApplicationTests]: UserServiceApplicationTests does not declare any static, non-private, non-final, nested classes annotated with @Configuration.
02:55:09.483 [Test worker] INFO org.springframework.boot.test.context.SpringBootTestContextBootstrapper -- Found @SpringBootConfiguration com.pibbletv.user_service.UserServiceApplication for test class com.pibbletv.user_service.UserServiceApplicationTests

  .   ____          _            __ _ _
 /\\ / ___'_ __ _ _(_)_ __  __ _ \ \ \ \
( ( )\___ | '_ | '_| | '_ \/ _` | \ \ \ \
 \\/  ___)| |_)| | | | | || (_| |  ) ) ) )
  '  |____| .__|_| |_|_| |_\__, | / / / /
 =========|_|==============|___/=/_/_/_/

 :: Spring Boot ::                (v3.4.4)

2025-05-18T02:55:10.812+02:00  INFO 5284 --- [user-service] [    Test worker] c.p.u.UserServiceApplicationTests        : Starting UserServiceApplicationTests using Java 17.0.12 with PID 5284 (started by hristo in D:\Individual Assignment\PibbleTV-Backend\user-service)
2025-05-18T02:55:10.814+02:00  INFO 5284 --- [user-service] [    Test worker] c.p.u.UserServiceApplicationTests        : The following 1 profile is active: "test"
2025-05-18T02:55:11.909+02:00  INFO 5284 --- [user-service] [    Test worker] .s.d.r.c.RepositoryConfigurationDelegate : Bootstrapping Spring Data R2DBC repositories in DEFAULT mode.
2025-05-18T02:55:12.184+02:00  INFO 5284 --- [user-service] [    Test worker] .s.d.r.c.RepositoryConfigurationDelegate : Finished Spring Data repository scanning in 263 ms. Found 1 R2DBC repository interface.
2025-05-18T02:55:12.570+02:00  INFO 5284 --- [user-service] [    Test worker] o.s.cloud.context.scope.GenericScope     : BeanFactory id=70eb64ac-4e53-3d79-9034-46aa060b08ff
2025-05-18T02:55:13.515+02:00  INFO 5284 --- [user-service] [    Test worker] ctiveUserDetailsServiceAutoConfiguration : 

Using generated security password: f2bb112a-28d8-4aba-9e59-528d50b5a555

2025-05-18T02:55:14.853+02:00  INFO 5284 --- [user-service] [    Test worker] DiscoveryClientOptionalArgsConfiguration : Eureka HTTP Client uses RestTemplate.
2025-05-18T02:55:15.118+02:00  WARN 5284 --- [user-service] [    Test worker] iguration$LoadBalancerCaffeineWarnLogger : Spring Cloud LoadBalancer is currently working with the default cache. While this cache implementation is useful for development and tests, it's recommended to use Caffeine cache in production.You can switch to using Caffeine cache, by adding it and org.springframework.cache.caffeine.CaffeineCacheManager to the classpath.
2025-05-18T02:55:15.245+02:00  INFO 5284 --- [user-service] [    Test worker] c.p.u.UserServiceApplicationTests        : Started UserServiceApplicationTests in 5.193 seconds (process running for 7.967)
]]></system-out>
  <system-err><![CDATA[]]></system-err>
</testsuite>
