<?xml version="1.0" encoding="UTF-8"?>
<testsuite name="com.pibbletv.user_service.UserServiceApplicationTests" tests="1" skipped="0" failures="0" errors="0" timestamp="2025-04-09T19:36:46.392Z" hostname="DESKTOP-NS6POVE" time="0.809">
  <properties/>
  <testcase name="contextLoads()" classname="com.pibbletv.user_service.UserServiceApplicationTests" time="0.809"/>
  <system-out><![CDATA[21:36:41.787 [Test worker] INFO org.springframework.test.context.support.AnnotationConfigContextLoaderUtils -- Could not detect default configuration classes for test class [com.pibbletv.user_service.UserServiceApplicationTests]: UserServiceApplicationTests does not declare any static, non-private, non-final, nested classes annotated with @Configuration.
21:36:41.945 [Test worker] INFO org.springframework.boot.test.context.SpringBootTestContextBootstrapper -- Found @SpringBootConfiguration com.pibbletv.user_service.UserServiceApplication for test class com.pibbletv.user_service.UserServiceApplicationTests

  .   ____          _            __ _ _
 /\\ / ___'_ __ _ _(_)_ __  __ _ \ \ \ \
( ( )\___ | '_ | '_| | '_ \/ _` | \ \ \ \
 \\/  ___)| |_)| | | | | || (_| |  ) ) ) )
  '  |____| .__|_| |_|_| |_\__, | / / / /
 =========|_|==============|___/=/_/_/_/

 :: Spring Boot ::                (v3.4.4)

2025-04-09T21:36:42.721+02:00  INFO 8764 --- [user-service] [    Test worker] c.p.u.UserServiceApplicationTests        : Starting UserServiceApplicationTests using Java 17.0.12 with PID 8764 (started by hristo in D:\Individual Assignment\PibbleTV-Backend\user_service)
2025-04-09T21:36:42.724+02:00  INFO 8764 --- [user-service] [    Test worker] c.p.u.UserServiceApplicationTests        : No active profile set, falling back to 1 default profile: "default"
2025-04-09T21:36:43.553+02:00  INFO 8764 --- [user-service] [    Test worker] .s.d.r.c.RepositoryConfigurationDelegate : Bootstrapping Spring Data R2DBC repositories in DEFAULT mode.
2025-04-09T21:36:43.713+02:00  INFO 8764 --- [user-service] [    Test worker] .s.d.r.c.RepositoryConfigurationDelegate : Finished Spring Data repository scanning in 150 ms. Found 1 R2DBC repository interface.
2025-04-09T21:36:43.973+02:00  INFO 8764 --- [user-service] [    Test worker] o.s.cloud.context.scope.GenericScope     : BeanFactory id=84d89ea9-6b95-35f9-bf5a-9c8348cc71f7
2025-04-09T21:36:45.573+02:00  INFO 8764 --- [user-service] [    Test worker] DiscoveryClientOptionalArgsConfiguration : Eureka HTTP Client uses RestTemplate.
2025-04-09T21:36:45.744+02:00  WARN 8764 --- [user-service] [    Test worker] iguration$LoadBalancerCaffeineWarnLogger : Spring Cloud LoadBalancer is currently working with the default cache. While this cache implementation is useful for development and tests, it's recommended to use Caffeine cache in production.You can switch to using Caffeine cache, by adding it and org.springframework.cache.caffeine.CaffeineCacheManager to the classpath.
2025-04-09T21:36:45.825+02:00  INFO 8764 --- [user-service] [    Test worker] o.s.c.n.eureka.InstanceInfoFactory       : Setting initial instance status as: STARTING
2025-04-09T21:36:45.863+02:00  INFO 8764 --- [user-service] [    Test worker] com.netflix.discovery.DiscoveryClient    : Initializing Eureka in region us-east-1
2025-04-09T21:36:45.879+02:00  INFO 8764 --- [user-service] [    Test worker] c.n.d.s.r.aws.ConfigClusterResolver      : Resolving eureka endpoints via configuration
2025-04-09T21:36:45.889+02:00  INFO 8764 --- [user-service] [    Test worker] com.netflix.discovery.DiscoveryClient    : Disable delta property : false
2025-04-09T21:36:45.889+02:00  INFO 8764 --- [user-service] [    Test worker] com.netflix.discovery.DiscoveryClient    : Single vip registry refresh property : null
2025-04-09T21:36:45.889+02:00  INFO 8764 --- [user-service] [    Test worker] com.netflix.discovery.DiscoveryClient    : Force full registry fetch : false
2025-04-09T21:36:45.889+02:00  INFO 8764 --- [user-service] [    Test worker] com.netflix.discovery.DiscoveryClient    : Application is null : false
2025-04-09T21:36:45.889+02:00  INFO 8764 --- [user-service] [    Test worker] com.netflix.discovery.DiscoveryClient    : Registered Applications size is zero : true
2025-04-09T21:36:45.890+02:00  INFO 8764 --- [user-service] [    Test worker] com.netflix.discovery.DiscoveryClient    : Application version is -1: true
2025-04-09T21:36:45.890+02:00  INFO 8764 --- [user-service] [    Test worker] com.netflix.discovery.DiscoveryClient    : Getting all instance registry info from the eureka server
2025-04-09T21:36:46.348+02:00  INFO 8764 --- [user-service] [    Test worker] com.netflix.discovery.DiscoveryClient    : The response status is 200
2025-04-09T21:36:46.349+02:00  INFO 8764 --- [user-service] [    Test worker] com.netflix.discovery.DiscoveryClient    : Starting heartbeat executor: renew interval is: 30
2025-04-09T21:36:46.352+02:00  INFO 8764 --- [user-service] [    Test worker] c.n.discovery.InstanceInfoReplicator     : InstanceInfoReplicator onDemand update allowed rate per min is 4
2025-04-09T21:36:46.355+02:00  INFO 8764 --- [user-service] [    Test worker] com.netflix.discovery.DiscoveryClient    : Discovery Client initialized at timestamp 1744227406353 with initial instances count: 0
2025-04-09T21:36:46.358+02:00  INFO 8764 --- [user-service] [    Test worker] o.s.c.n.e.s.EurekaServiceRegistry        : Registering application USER-SERVICE with eureka with status UP
2025-04-09T21:36:46.359+02:00  INFO 8764 --- [user-service] [    Test worker] com.netflix.discovery.DiscoveryClient    : Saw local status change event StatusChangeEvent [timestamp=1744227406359, current=UP, previous=STARTING]
2025-04-09T21:36:46.362+02:00  INFO 8764 --- [user-service] [foReplicator-%d] com.netflix.discovery.DiscoveryClient    : DiscoveryClient_USER-SERVICE/host.docker.internal:user-service:8081: registering service...
2025-04-09T21:36:46.383+02:00  INFO 8764 --- [user-service] [    Test worker] c.p.u.UserServiceApplicationTests        : Started UserServiceApplicationTests in 4.133 seconds (process running for 5.67)
2025-04-09T21:36:46.429+02:00  INFO 8764 --- [user-service] [foReplicator-%d] com.netflix.discovery.DiscoveryClient    : DiscoveryClient_USER-SERVICE/host.docker.internal:user-service:8081 - registration status: 204
]]></system-out>
  <system-err><![CDATA[]]></system-err>
</testsuite>
