<?xml version="1.0" encoding="UTF-8"?>
<testsuite name="com.pibbletv.user_service.unit.UserServiceImplTest" tests="10" skipped="0" failures="0" errors="0" timestamp="2025-05-12T21:50:41.888Z" hostname="DESKTOP-NS6POVE" time="0.902">
  <properties/>
  <testcase name="testGetUser_NotFound_ThrowsError()" classname="com.pibbletv.user_service.unit.UserServiceImplTest" time="0.796"/>
  <testcase name="banUser_ExistingUser_BanSuccessfully()" classname="com.pibbletv.user_service.unit.UserServiceImplTest" time="0.037"/>
  <testcase name="ubbanUser_ExistingUser_UnbanSuccessfully()" classname="com.pibbletv.user_service.unit.UserServiceImplTest" time="0.005"/>
  <testcase name="banUser_ExistingUser_UserAlreadyBanned()" classname="com.pibbletv.user_service.unit.UserServiceImplTest" time="0.019"/>
  <testcase name="testGetUser_ExistingUser_ReturnsUser()" classname="com.pibbletv.user_service.unit.UserServiceImplTest" time="0.011"/>
  <testcase name="testUpdateUser_NotFound_DoesNotExist()" classname="com.pibbletv.user_service.unit.UserServiceImplTest" time="0.005"/>
  <testcase name="testSaveUser_NewUser_SavesSuccessfully()" classname="com.pibbletv.user_service.unit.UserServiceImplTest" time="0.005"/>
  <testcase name="testUpdateUser_ExistingUser_UpdatesSuccessfully()" classname="com.pibbletv.user_service.unit.UserServiceImplTest" time="0.007"/>
  <testcase name="testSaveUser_ExistingUser_DoesNotSaveAgain()" classname="com.pibbletv.user_service.unit.UserServiceImplTest" time="0.004"/>
  <testcase name="ubbanUser_ExistingUser_UserIsNotBanned()" classname="com.pibbletv.user_service.unit.UserServiceImplTest" time="0.005"/>
  <system-out><![CDATA[]]></system-out>
  <system-err><![CDATA[]]></system-err>
</testsuite>
