<?xml version="1.0" encoding="UTF-8"?>
<testsuite name="com.pibbletv.user_service.unit.UserServiceImplTest" tests="4" skipped="0" failures="0" errors="0" timestamp="2025-04-10T23:32:28.689Z" hostname="DESKTOP-NS6POVE" time="0.439">
  <properties/>
  <testcase name="testGetUser_NotFound_ThrowsError()" classname="com.pibbletv.user_service.unit.UserServiceImplTest" time="0.402"/>
  <testcase name="testGetUser_ExistingUser_ReturnsUser()" classname="com.pibbletv.user_service.unit.UserServiceImplTest" time="0.007"/>
  <testcase name="testSaveUser_NewUser_SavesSuccessfully()" classname="com.pibbletv.user_service.unit.UserServiceImplTest" time="0.019"/>
  <testcase name="testSaveUser_ExistingUser_DoesNotSaveAgain()" classname="com.pibbletv.user_service.unit.UserServiceImplTest" time="0.005"/>
  <system-out><![CDATA[]]></system-out>
  <system-err><![CDATA[]]></system-err>
</testsuite>
